# Preference setting overrides
gui_create_pref_key -category {Globals} -key {load_detail_for_funcov} -value_type {bool} -value {false}

# State setting overrides
gui_state_default_create -off -ini
gui_set_state_value -category Layout -key child_console_size_x -value 1679
gui_set_state_value -category Layout -key child_console_size_y -value 178
gui_set_state_value -category Layout -key child_data_coltype -value 99
gui_set_state_value -category Layout -key child_data_colvalue -value 159
gui_set_state_value -category Layout -key child_data_colvariable -value 199
gui_set_state_value -category Layout -key child_data_size_x -value 461
gui_set_state_value -category Layout -key child_data_size_y -value 673
gui_set_state_value -category Layout -key child_hier_col3 -value {-1}
gui_set_state_value -category Layout -key child_hier_colhier -value 141
gui_set_state_value -category Layout -key child_hier_colpd -value 0
gui_set_state_value -category Layout -key child_hier_size_x -value 244
gui_set_state_value -category Layout -key child_hier_size_y -value 673
gui_set_state_value -category Layout -key child_source_docknewline -value false
gui_set_state_value -category Layout -key child_source_pos_x -value {-2}
gui_set_state_value -category Layout -key child_source_pos_y -value {-15}
gui_set_state_value -category Layout -key child_source_size_x -value 977
gui_set_state_value -category Layout -key child_source_size_y -value 668
gui_set_state_value -category Layout -key child_wave_colname -value 120
gui_set_state_value -category Layout -key child_wave_colvalue -value 121
gui_set_state_value -category Layout -key child_wave_left -value 245
gui_set_state_value -category Layout -key child_wave_right -value 596
gui_set_state_value -category Layout -key main_pos_x -value 1
gui_set_state_value -category Layout -key main_pos_y -value 38
gui_set_state_value -category Layout -key main_size_x -value 1680
gui_set_state_value -category Layout -key main_size_y -value 988
gui_set_state_value -category Layout -key stand_wave_child_docknewline -value false
gui_set_state_value -category Layout -key stand_wave_child_pos_x -value {-2}
gui_set_state_value -category Layout -key stand_wave_child_pos_y -value {-15}
gui_set_state_value -category Layout -key stand_wave_child_size_x -value 851
gui_set_state_value -category Layout -key stand_wave_child_size_y -value 345
gui_set_state_value -category Layout -key stand_wave_top_pos_x -value 136
gui_set_state_value -category Layout -key stand_wave_top_pos_y -value 356
gui_set_state_value -category Layout -key stand_wave_top_size_x -value 982
gui_set_state_value -category Layout -key stand_wave_top_size_y -value 852
gui_create_state_key -category FindDialog -key m_pMatchCase -value_type bool -value false
gui_create_state_key -category FindDialog -key m_pMatchWord -value_type bool -value false
gui_create_state_key -category FindDialog -key m_pUseCombo -value_type string -value {}
gui_create_state_key -category FindDialog -key m_pWrapAround -value_type bool -value true
gui_state_default_create -off

# Begin command logging
gui_sim_run Ucli -exe ./simv -args {-ucligui  } -dir .
gui_list_expand -id  Hier.1   FullAddTest_v
gui_list_select -id Hier.1 -current_item_name FullAddTest_v.dut -current_item_type Scope  -selected  { FullAddTest_v.dut   }
gui_open_window Wave
gui_list_add -id Wave.1 -from Hier.1 { FullAddTest_v.dut } -insertionbar
gui_sim_continue  
gui_zoom -window Wave.1 -full
gui_marker_move -id  Wave.1 C1 97917
gui_marker_select -id  Wave.1 { C1 }
gui_marker_move -id  Wave.1 C1 218750
gui_list_select -id Wave.1 -selected  { FullAddTest_v.dut.B   }
gui_list_select -id Wave.1 -selected  { FullAddTest_v.dut.B  FullAddTest_v.dut.A   }
gui_marker_move -id  Wave.1 C1 225694
gui_marker_move -id  Wave.1 C1 374306
gui_wv_zoom_timerange -id  Wave.1 0 403472
gui_wv_zoom_timerange -id  Wave.1 0 413889
gui_wv_zoom_timerange -id  Wave.1 0 422222
gui_wv_zoom_timerange -id  Wave.1 0 429861
gui_wv_zoom_timerange -id  Wave.1 0 437500
gui_wv_zoom_timerange -id  Wave.1 0 444444
gui_wv_zoom_timerange -id  Wave.1 0 453472
gui_wv_zoom_timerange -id  Wave.1 0 454167
gui_wv_zoom_timerange -id  Wave.1 0 454861
gui_wv_zoom_timerange -id  Wave.1 0 456944
gui_wv_zoom_timerange -id  Wave.1 0 457639
gui_wv_zoom_timerange -id  Wave.1 0 469444
gui_wv_zoom_timerange -id  Wave.1 0 474306
gui_close_window -window TopLevel.1
