13:27:59    16 -->                                                             [tcl] ucliGUI::connect -toolargs -ucligui -toolexe ./simv -pid 13201 -toolin /tmp/vcs_20180326182756_13200_delrod19..stdin -toolout /tmp/vcs_20180326182756_13200_delrod19..stdout  
13:27:59    17 -->                                                                 [tcl] set ucliGUI::state
13:27:59    18 -->                                                                     [tcl] gui_update_simulator_buttons
13:28:00    19 -->                                                                         [tcl] set ucliGUI::state
13:28:00    20 -->                                                                             [tcl] ucliCore::getToolPID
13:28:00    21 -->                                                                                 [tcl] synopsys::env hasTB
13:28:00    22 -->                                                                                     [tcl] trigger_hier_stack_context_switch 0
13:28:00    23 -->                                                                                         [tcl] synUtils::setDVEInitPhase 1
13:28:00    24 -->                                                                                             [tcl] gui_get_env SIMSETUP::SIMVPD
13:28:00    25 --> ...  [tcl] synopsys::dump -type VPD -file /home/ugrads/d/delrod19/ecen350/git/Lab06/p3/inter.vpd -locking
13:28:00    26 --> ...      [tcl] synopsys::dump -autoflush on -fid VPD0
13:28:00    27 --> ...          [tcl] set ::dve_fid VPD0
13:28:00    28 --> ...              [tcl] synUtils::setDVEInitPhase 0
13:28:00    29 --> ...                  [tcl] ucliCore::getToolPID
13:28:00    30 --> ...                      [tcl] synUtils::sendTool -active _icl_setToolSocket /tmp/smlnpuECgKY
13:28:00    31 --> ...                          [tcl] synUtils::sendTool -active {_icl_start_rpc -version "L-2016.06_Full64" -sync_file /tmp/vcs_dve_rpc.delrod19.13201}
13:28:00    32 --> ...                              [tcl] synUtils::sendTool -active {_icl_createSharedMemory /tmp/vcs_dve_general.delrod19.13201}
13:28:00    33 --> ...                                  [tcl] dveMisc::vbusExpand Decode24Test_v
13:28:00    34 --> ...                                      [tcl] config endofsim noexit
13:28:00    35 --> ...                                          [tcl] config onfail enable all
13:28:00    36 --> ...                                              [tcl] config syscaddplainmembers
13:28:00    37 --> ...                                                  [tcl] config syscaddsourcenames
13:28:00    38 --> ...                                                      [tcl] config syscaddstructtypes
13:28:00    39 --> ...                                                          [tcl] synopsys::listing -disable
13:28:01    40 --> ...                                                              [tcl] dveMisc::vbusExpand Decode24Test_v.uut
13:28:04    41 --> ...                                                                  [tcl] synopsys::dump -add {Decode24Test_v.uut} -scope "." -depth 1 -fid VPD0
13:28:14    42 --> ...                                                                      [tcl] synopsys::run -relative 100000.000000ps
13:28:14    43 --> ...                                                                          [tcl] set ucliGUI::state
13:28:14    44 --> ...                                                                              [tcl] set ucliGUI::state
13:28:14    45 --> ...                                                                                  [tcl] set ucliGUI::state
13:28:14    46 --> ...                                                                                      [tcl] set ucliGUI::state
13:28:14    47 --> ...                                                                                          [tcl] set ucliGUI::state
13:28:14    48 --> ...                                                                                              [tcl] catch {senv activeDomain} dveMisc::result 
13:28:14    49 --> ...                                                                                                  [tcl] set dveMisc::result
13:28:14    50 --> ...  [tcl] gui_update_simulator_buttons
13:28:29    51 --> ...      [tcl] synopsys::run -relative 9900000
13:28:29    52 --> ...          [tcl] set ucliGUI::state
13:28:29    53 --> ...              [tcl] set ucliGUI::state
13:28:29    54 --> ...                  [tcl] set ucliGUI::state
13:28:30    55 --> ...                      [tcl] set ucliGUI::state
13:28:30    56 --> ...                          [tcl] set ucliGUI::state
13:28:30    57 --> ...                              [tcl] catch {senv activeDomain} dveMisc::result 
13:28:30    58 --> ...                                  [tcl] set dveMisc::result
13:28:30    59 --> ...                                      [tcl] gui_update_simulator_buttons
13:28:39    60 --> ...                                          [tcl] synopsys::run -relative 100000.000000ps
13:28:39    61 --> ...                                              [tcl] set ucliGUI::state
13:28:39    62 --> ...                                                  [tcl] set ucliGUI::state
13:28:39    63 --> ...                                                      [tcl] set ucliGUI::state
13:28:39    64 --> ...                                                          [tcl] set ucliGUI::state
13:28:39    65 --> ...                                                              [tcl] set ucliGUI::state
13:28:39    66 --> ...                                                                  [tcl] catch {senv activeDomain} dveMisc::result 
13:28:39    67 --> ...                                                                      [tcl] set dveMisc::result
13:28:39    68 --> ...                                                                          [tcl] gui_update_simulator_buttons
13:28:40    69 --> ...                                                                              [tcl] synopsys::run -relative 100000.000000ps
13:28:40    70 --> ...                                                                                  [tcl] set ucliGUI::state
13:28:40    71 --> ...                                                                                      [tcl] set ucliGUI::state
13:28:40    72 --> ...                                                                                          [tcl] set ucliGUI::state
13:28:40    73 --> ...                                                                                              [tcl] set ucliGUI::state
13:28:40    74 --> ...                                                                                                  [tcl] set ucliGUI::state
13:28:40    75 --> ...  [tcl] catch {senv activeDomain} dveMisc::result 
13:28:40    76 --> ...      [tcl] set dveMisc::result
13:28:40    77 --> ...          [tcl] gui_update_simulator_buttons
13:28:40    78 --> ...              [tcl] synopsys::run -relative 100000.000000ps
13:28:40    79 --> ...                  [tcl] set ucliGUI::state
13:28:40    80 --> ...                      [tcl] set ucliGUI::state
13:28:40    81 --> ...                          [tcl] set ucliGUI::state
13:28:40    82 --> ...                              [tcl] set ucliGUI::state
13:28:40    83 --> ...                                  [tcl] set ucliGUI::state
13:28:40    84 --> ...                                      [tcl] catch {senv activeDomain} dveMisc::result 
13:28:40    85 --> ...                                          [tcl] set dveMisc::result
13:28:40    86 --> ...                                              [tcl] gui_update_simulator_buttons
13:35:02    87 --> ...                                                  [tcl] if [catch {gui_sim_terminate}] {gui_sim_terminate -kill}
13:35:02    88 --> ...                                                      [tcl] synopsys::finish
13:35:02    89 --> ...                                                          [tcl] set ucliGUI::state
13:35:02    90 --> ...                                                              [tcl] set ucliGUI::state
13:35:02    91 --> ...                                                                  [tcl] catch {senv activeDomain} dveMisc::result 
13:35:02    92 --> ...                                                                      [tcl] set dveMisc::result
13:35:02    93 --> ...                                                                          [tcl] gui_update_simulator_buttons
13:35:02    94 --> ...                                                                              [tcl] catch {senv activeDomain} dveMisc::result 
13:35:02    95 --> ...                                                                                  [tcl] set dveMisc::result
13:35:02    96 --> ...                                                                                      [tcl] ucli_exit
