# Preference setting overrides
gui_create_pref_key -category {Globals} -key {load_detail_for_funcov} -value_type {bool} -value {false}

# State setting overrides
gui_state_default_create -off -ini
gui_set_state_value -category Layout -key child_console_size_x -value 1679
gui_set_state_value -category Layout -key child_console_size_y -value 173
gui_set_state_value -category Layout -key child_data_coltype -value 99
gui_set_state_value -category Layout -key child_data_colvalue -value 159
gui_set_state_value -category Layout -key child_data_colvariable -value 199
gui_set_state_value -category Layout -key child_data_size_x -value 456
gui_set_state_value -category Layout -key child_data_size_y -value 678
gui_set_state_value -category Layout -key child_hier_col3 -value {-1}
gui_set_state_value -category Layout -key child_hier_colhier -value 141
gui_set_state_value -category Layout -key child_hier_colpd -value 0
gui_set_state_value -category Layout -key child_hier_size_x -value 239
gui_set_state_value -category Layout -key child_hier_size_y -value 678
gui_set_state_value -category Layout -key child_source_docknewline -value false
gui_set_state_value -category Layout -key child_source_pos_x -value {-2}
gui_set_state_value -category Layout -key child_source_pos_y -value {-15}
gui_set_state_value -category Layout -key child_source_size_x -value 987
gui_set_state_value -category Layout -key child_source_size_y -value 673
gui_set_state_value -category Layout -key child_wave_colname -value 241
gui_set_state_value -category Layout -key child_wave_colvalue -value 242
gui_set_state_value -category Layout -key child_wave_left -value 487
gui_set_state_value -category Layout -key child_wave_right -value 1187
gui_set_state_value -category Layout -key main_pos_x -value 1
gui_set_state_value -category Layout -key main_pos_y -value 38
gui_set_state_value -category Layout -key main_size_x -value 1680
gui_set_state_value -category Layout -key main_size_y -value 988
gui_set_state_value -category Layout -key stand_wave_child_docknewline -value false
gui_set_state_value -category Layout -key stand_wave_child_pos_x -value {-2}
gui_set_state_value -category Layout -key stand_wave_child_pos_y -value {-15}
gui_set_state_value -category Layout -key stand_wave_child_size_x -value 1684
gui_set_state_value -category Layout -key stand_wave_child_size_y -value 846
gui_set_state_value -category Layout -key stand_wave_top_pos_x -value 206
gui_set_state_value -category Layout -key stand_wave_top_pos_y -value 331
gui_set_state_value -category Layout -key stand_wave_top_size_x -value 1885
gui_set_state_value -category Layout -key stand_wave_top_size_y -value 1281
gui_create_state_key -category FindDialog -key m_pMatchCase -value_type bool -value false
gui_create_state_key -category FindDialog -key m_pMatchWord -value_type bool -value false
gui_create_state_key -category FindDialog -key m_pUseCombo -value_type string -value {}
gui_create_state_key -category FindDialog -key m_pWrapAround -value_type bool -value true
gui_state_default_create -off

# Begin command logging
gui_sim_run Ucli -exe ./simv -args {-ucligui  } -dir .
gui_list_expand -id  Hier.1   Decode24Test_v
gui_list_select -id Hier.1 -current_item_name Decode24Test_v.uut -current_item_type Scope  -selected  { Decode24Test_v.uut   }
gui_open_window Wave
gui_list_add -id Wave.1 -from Hier.1 { Decode24Test_v.uut } -insertionbar
gui_continuetime_set -value 100000
gui_continuetime_set -value 100000
gui_sim_continue 100000 
gui_list_expand -id  Wave.1   {Decode24Test_v.uut.in[1:0]}
gui_list_expand -id  Wave.1   {Decode24Test_v.uut.out[3:0]}
gui_set_time 10000000 -id TopLevel.2
gui_marker_move -id  Wave.1 C1 9999874
gui_sim_continue 100000 
gui_sim_continue 100000 
gui_sim_continue 100000 
gui_zoom -window Wave.1 -full
gui_wv_zoom_timerange -id  Wave.1 0 520737
gui_close_window -window TopLevel.2
