12:49:18    16 -->                                                             [tcl] ucliGUI::connect -toolargs -ucligui -toolexe ./simv -pid 26211 -toolin /tmp/vcs_20180402174914_26210_delrod19..stdin -toolout /tmp/vcs_20180402174914_26210_delrod19..stdout  
12:49:18    17 -->                                                                 [tcl] set ucliGUI::state
12:49:18    18 -->                                                                     [tcl] gui_update_simulator_buttons
12:49:19    19 -->                                                                         [tcl] set ucliGUI::state
12:49:19    20 -->                                                                             [tcl] ucliCore::getToolPID
12:49:19    21 -->                                                                                 [tcl] synopsys::env hasTB
12:49:19    22 -->                                                                                     [tcl] trigger_hier_stack_context_switch 0
12:49:19    23 -->                                                                                         [tcl] synUtils::setDVEInitPhase 1
12:49:19    24 -->                                                                                             [tcl] gui_get_env SIMSETUP::SIMVPD
12:49:19    25 --> ...  [tcl] synopsys::dump -type VPD -file /home/ugrads/d/delrod19/ecen350/git/Lab07/p2/inter.vpd -locking
12:49:19    26 --> ...      [tcl] synopsys::dump -autoflush on -fid VPD0
12:49:19    27 --> ...          [tcl] set ::dve_fid VPD0
12:49:19    28 --> ...              [tcl] synUtils::setDVEInitPhase 0
12:49:19    29 --> ...                  [tcl] ucliCore::getToolPID
12:49:19    30 --> ...                      [tcl] synUtils::sendTool -active _icl_setToolSocket /tmp/smlnpasngMs
12:49:19    31 --> ...                          [tcl] synUtils::sendTool -active {_icl_start_rpc -version "L-2016.06_Full64" -sync_file /tmp/vcs_dve_rpc.delrod19.26211}
12:49:19    32 --> ...                              [tcl] synUtils::sendTool -active {_icl_createSharedMemory /tmp/vcs_dve_general.delrod19.26211}
12:49:19    33 --> ...                                  [tcl] dveMisc::vbusExpand RegisterFileTest_v
12:49:19    34 --> ...                                      [tcl] config endofsim noexit
12:49:19    35 --> ...                                          [tcl] config onfail enable all
12:49:19    36 --> ...                                              [tcl] config syscaddplainmembers
12:49:19    37 --> ...                                                  [tcl] config syscaddsourcenames
12:49:19    38 --> ...                                                      [tcl] config syscaddstructtypes
12:49:19    39 --> ...                                                          [tcl] synopsys::listing -disable
12:49:21    40 --> ...                                                              [tcl] synopsys::run
12:49:21    41 --> ...                                                                  [tcl] set ucliGUI::state
12:49:21    42 --> ...                                                                      [tcl] set ucliGUI::state
12:49:21    43 --> ...                                                                          [tcl] set ucliGUI::state
12:49:21    44 --> ...                                                                              [tcl] set ucliGUI::state
12:49:21    45 --> ...                                                                                  [tcl] catch {senv activeDomain} dveMisc::result 
12:49:21    46 --> ...                                                                                      [tcl] set dveMisc::result
12:49:21    47 --> ...                                                                                          [tcl] gui_update_simulator_buttons
12:49:30    48 --> ...                                                                                              [tcl] if [catch {gui_sim_terminate}] {gui_sim_terminate -kill}
12:49:30    49 --> ...                                                                                                  [tcl] synopsys::finish
12:49:30    50 --> ...  [tcl] set ucliGUI::state
12:49:30    51 --> ...      [tcl] set ucliGUI::state
12:49:30    52 --> ...          [tcl] catch {senv activeDomain} dveMisc::result 
12:49:30    53 --> ...              [tcl] set dveMisc::result
12:49:30    54 --> ...                  [tcl] gui_update_simulator_buttons
12:49:30    55 --> ...                      [tcl] catch {senv activeDomain} dveMisc::result 
12:49:30    56 --> ...                          [tcl] set dveMisc::result
12:49:31    57 --> ...                              [tcl] ucli_exit
