22:49:26    16 -->                                                             [tcl] ucliGUI::connect -toolargs -ucligui -toolexe ./simv -pid 41522 -toolin /tmp/vcs_20180424034919_41514_delrod19..stdin -toolout /tmp/vcs_20180424034919_41514_delrod19..stdout  
22:49:26    17 -->                                                                 [tcl] set ucliGUI::state
22:49:26    18 -->                                                                     [tcl] gui_update_simulator_buttons
22:49:28    19 -->                                                                         [tcl] set ucliGUI::state
22:49:28    20 -->                                                                             [tcl] ucliCore::getToolPID
22:49:28    21 -->                                                                                 [tcl] synopsys::env hasTB
22:49:28    22 -->                                                                                     [tcl] trigger_hier_stack_context_switch 0
22:49:28    23 -->                                                                                         [tcl] synUtils::setDVEInitPhase 1
22:49:28    24 -->                                                                                             [tcl] gui_get_env SIMSETUP::SIMVPD
22:49:28    25 --> ...  [tcl] synopsys::dump -type VPD -file /home/ugrads/d/delrod19/ecen350/git/Project/p3/inter.vpd -locking
22:49:28    26 --> ...      [tcl] synopsys::dump -autoflush on -fid VPD0
22:49:28    27 --> ...          [tcl] set ::dve_fid VPD0
22:49:28    28 --> ...              [tcl] synUtils::setDVEInitPhase 0
22:49:28    29 --> ...                  [tcl] ucliCore::getToolPID
22:49:28    30 --> ...                      [tcl] synUtils::sendTool -active _icl_setToolSocket /tmp/smlnpYaOib4
22:49:28    31 --> ...                          [tcl] synUtils::sendTool -active {_icl_start_rpc -version "L-2016.06_Full64" -sync_file /tmp/vcs_dve_rpc.delrod19.41522}
22:49:28    32 --> ...                              [tcl] synUtils::sendTool -active {_icl_createSharedMemory /tmp/vcs_dve_general.delrod19.41522}
22:49:29    33 --> ...                                  [tcl] dveMisc::vbusExpand SingleCycleProcTest_v
22:49:29    34 --> ...                                      [tcl] config endofsim noexit
22:49:29    35 --> ...                                          [tcl] config onfail enable all
22:49:29    36 --> ...                                              [tcl] config syscaddplainmembers
22:49:29    37 --> ...                                                  [tcl] config syscaddsourcenames
22:49:29    38 --> ...                                                      [tcl] config syscaddstructtypes
22:49:29    39 --> ...                                                          [tcl] synopsys::listing -disable
22:49:31    40 --> ...                                                              [tcl] if [catch {gui_sim_terminate}] {gui_sim_terminate -kill}
22:49:31    41 --> ...                                                                  [tcl] synopsys::finish
22:49:31    42 --> ...                                                                      [tcl] set ucliGUI::state
22:49:31    43 --> ...                                                                          [tcl] set ucliGUI::state
22:49:31    44 --> ...                                                                              [tcl] catch {senv activeDomain} dveMisc::result 
22:49:31    45 --> ...                                                                                  [tcl] set dveMisc::result
22:49:31    46 --> ...                                                                                      [tcl] gui_update_simulator_buttons
22:49:31    47 --> ...                                                                                          [tcl] catch {senv activeDomain} dveMisc::result 
22:49:31    48 --> ...                                                                                              [tcl] set dveMisc::result
22:49:31    49 --> ...                                                                                                  [tcl] ucli_exit
