15:00:13    16 -->                                                             [tcl] ucliGUI::connect -toolargs -ucligui -toolexe ./simv -pid 22830 -toolin /tmp/vcs_20180423200006_22829_delrod19..stdin -toolout /tmp/vcs_20180423200006_22829_delrod19..stdout  
15:00:13    17 -->                                                                 [tcl] set ucliGUI::state
15:00:13    18 -->                                                                     [tcl] gui_update_simulator_buttons
15:00:14    19 -->                                                                         [tcl] set ucliGUI::state
15:00:14    20 -->                                                                             [tcl] ucliCore::getToolPID
15:00:14    21 -->                                                                                 [tcl] synopsys::env hasTB
15:00:14    22 -->                                                                                     [tcl] trigger_hier_stack_context_switch 0
15:00:14    23 -->                                                                                         [tcl] synUtils::setDVEInitPhase 1
15:00:14    24 -->                                                                                             [tcl] gui_get_env SIMSETUP::SIMVPD
15:00:14    25 --> ...  [tcl] synopsys::dump -type VPD -file /home/ugrads/d/delrod19/ecen350/git/Project/p2/inter.vpd -locking
15:00:14    26 --> ...      [tcl] synopsys::dump -autoflush on -fid VPD0
15:00:14    27 --> ...          [tcl] set ::dve_fid VPD0
15:00:14    28 --> ...              [tcl] synUtils::setDVEInitPhase 0
15:00:14    29 --> ...                  [tcl] ucliCore::getToolPID
15:00:14    30 --> ...                      [tcl] synUtils::sendTool -active _icl_setToolSocket /tmp/smlnpkKkAVw
15:00:14    31 --> ...                          [tcl] synUtils::sendTool -active {_icl_start_rpc -version "L-2016.06_Full64" -sync_file /tmp/vcs_dve_rpc.delrod19.22830}
15:00:14    32 --> ...                              [tcl] synUtils::sendTool -active {_icl_createSharedMemory /tmp/vcs_dve_general.delrod19.22830}
15:00:14    33 --> ...                                  [tcl] dveMisc::vbusExpand SingleCycleProcTest_v
15:00:14    34 --> ...                                      [tcl] config endofsim noexit
15:00:14    35 --> ...                                          [tcl] config onfail enable all
15:00:14    36 --> ...                                              [tcl] config syscaddplainmembers
15:00:14    37 --> ...                                                  [tcl] config syscaddsourcenames
15:00:14    38 --> ...                                                      [tcl] config syscaddstructtypes
15:00:14    39 --> ...                                                          [tcl] synopsys::listing -disable
15:00:17    40 --> ...                                                              [tcl] dveMisc::vbusExpand SingleCycleProcTest_v.uut
15:00:21    41 --> ...                                                                  [tcl] synopsys::run
15:00:21    42 --> ...                                                                      [tcl] set ucliGUI::state
15:00:21    43 --> ...                                                                          [tcl] set ucliGUI::state
15:00:21    44 --> ...                                                                              [tcl] set ucliGUI::state
15:00:21    45 --> ...                                                                                  [tcl] set ucliGUI::state
15:00:21    46 --> ...                                                                                      [tcl] catch {senv activeDomain} dveMisc::result 
15:00:21    47 --> ...                                                                                          [tcl] set dveMisc::result
15:00:21    48 --> ...                                                                                              [tcl] gui_update_simulator_buttons
15:02:55    49 --> ...                                                                                                  [tcl] if [catch {gui_sim_terminate}] {gui_sim_terminate -kill}
15:02:55    50 --> ...  [tcl] synopsys::finish
15:02:55    51 --> ...      [tcl] set ucliGUI::state
15:02:55    52 --> ...          [tcl] set ucliGUI::state
15:02:55    53 --> ...              [tcl] catch {senv activeDomain} dveMisc::result 
15:02:55    54 --> ...                  [tcl] set dveMisc::result
15:02:55    55 --> ...                      [tcl] gui_update_simulator_buttons
15:02:55    56 --> ...                          [tcl] catch {senv activeDomain} dveMisc::result 
15:02:55    57 --> ...                              [tcl] set dveMisc::result
15:02:55    58 --> ...                                  [tcl] ucli_exit
