Chronologic VCS simulator copyright 1991-2016
Contains Synopsys proprietary information.
Compiler version L-2016.06_Full64; Runtime version L-2016.06_Full64;  Apr 23 15:00 2018
VCD+ Writer L-2016.06_Full64 Copyright (c) 1991-2016 by Synopsys Inc.
The file '/home/ugrads/d/delrod19/ecen350/git/Project/p2/inter.vpd' was opened successfully.
CurrentPC:0000000000000004
CurrentPC:0000000000000008
CurrentPC:000000000000000c
CurrentPC:0000000000000010
CurrentPC:0000000000000014
CurrentPC:0000000000000018
CurrentPC:000000000000001c
CurrentPC:0000000000000020
CurrentPC:0000000000000024
CurrentPC:0000000000000028
CurrentPC:000000000000001c
CurrentPC:0000000000000020
CurrentPC:0000000000000024
CurrentPC:0000000000000028
CurrentPC:000000000000001c
CurrentPC:0000000000000020
CurrentPC:0000000000000024
CurrentPC:0000000000000028
CurrentPC:000000000000001c
CurrentPC:0000000000000020
CurrentPC:0000000000000024
CurrentPC:0000000000000028
CurrentPC:000000000000001c
CurrentPC:0000000000000020
CurrentPC:0000000000000024
CurrentPC:0000000000000028
CurrentPC:000000000000001c
CurrentPC:0000000000000020
CurrentPC:0000000000000024
CurrentPC:0000000000000028
CurrentPC:000000000000001c
CurrentPC:0000000000000020
CurrentPC:0000000000000024
CurrentPC:0000000000000028
CurrentPC:000000000000001c
CurrentPC:0000000000000020
CurrentPC:0000000000000024
CurrentPC:0000000000000028
CurrentPC:000000000000001c
CurrentPC:0000000000000020
CurrentPC:0000000000000024
CurrentPC:0000000000000028
CurrentPC:000000000000001c
CurrentPC:0000000000000020
CurrentPC:0000000000000024
CurrentPC:0000000000000028
CurrentPC:000000000000001c
CurrentPC:0000000000000020
CurrentPC:0000000000000024
CurrentPC:0000000000000028
CurrentPC:000000000000001c
CurrentPC:0000000000000020
CurrentPC:0000000000000024
CurrentPC:0000000000000028
CurrentPC:000000000000001c
CurrentPC:0000000000000020
CurrentPC:0000000000000024
CurrentPC:0000000000000028
CurrentPC:000000000000001c
CurrentPC:0000000000000020
CurrentPC:0000000000000024
CurrentPC:0000000000000028
CurrentPC:000000000000001c
CurrentPC:0000000000000020
CurrentPC:0000000000000024
CurrentPC:0000000000000028
CurrentPC:000000000000001c
CurrentPC:000000000000002c
CurrentPC:0000000000000030
             Results of Program 1 passed
All tests passed
$finish called from file "SingleCycleProcTest.v", line 120.
$finish at simulation time              8641000
Simulation complete, time is 8641000 ps.
           V C S   S i m u l a t i o n   R e p o r t 
Time: 8641000 ps
CPU Time:      0.160 seconds;       Data structure size:   0.0Mb
Mon Apr 23 15:02:55 2018
