Chronologic VCS simulator copyright 1991-2016
Contains Synopsys proprietary information.
Compiler version L-2016.06_Full64; Runtime version L-2016.06_Full64;  Mar 28 12:20 2018
VCD+ Writer L-2016.06_Full64 Copyright (c) 1991-2016 by Synopsys Inc.
The file '/home/ugrads/d/delrod19/ecen350/git/Lab07/inter.vpd' was opened successfully.
Simulation complete, time is 1000000 ps.
Chronologic VCS simulator copyright 1991-2016
Contains Synopsys proprietary information.
Compiler version L-2016.06_Full64; Runtime version L-2016.06_Full64;  Mar 28 12:21 2018
VCD+ Writer L-2016.06_Full64 Copyright (c) 1991-2016 by Synopsys Inc.
The file '/home/ugrads/d/delrod19/ecen350/git/Lab07/inter.vpd' was opened successfully.
Simulation complete, time is 1000000 ps.
Chronologic VCS simulator copyright 1991-2016
Contains Synopsys proprietary information.
Compiler version L-2016.06_Full64; Runtime version L-2016.06_Full64;  Mar 28 12:21 2018
VCD+ Writer L-2016.06_Full64 Copyright (c) 1991-2016 by Synopsys Inc.
The file '/home/ugrads/d/delrod19/ecen350/git/Lab07/inter.vpd' was opened successfully.
Simulation complete, time is 1000000 ps.
Chronologic VCS simulator copyright 1991-2016
Contains Synopsys proprietary information.
Compiler version L-2016.06_Full64; Runtime version L-2016.06_Full64;  Mar 28 12:21 2018
VCD+ Writer L-2016.06_Full64 Copyright (c) 1991-2016 by Synopsys Inc.
The file '/home/ugrads/d/delrod19/ecen350/git/Lab07/inter.vpd' was opened successfully.
           V C S   S i m u l a t i o n   R e p o r t 
Time: 0 ps
CPU Time:      0.080 seconds;       Data structure size:   0.0Mb
Wed Mar 28 12:22:05 2018
