# Preference setting overrides
gui_create_pref_key -category {Globals} -key {load_detail_for_funcov} -value_type {bool} -value {false}

# State setting overrides
gui_state_default_create -off -ini
gui_set_state_value -category Layout -key child_console_size_x -value 1679
gui_set_state_value -category Layout -key child_console_size_y -value 158
gui_set_state_value -category Layout -key child_data_coltype -value 99
gui_set_state_value -category Layout -key child_data_colvalue -value 159
gui_set_state_value -category Layout -key child_data_colvariable -value 199
gui_set_state_value -category Layout -key child_data_size_x -value 441
gui_set_state_value -category Layout -key child_data_size_y -value 693
gui_set_state_value -category Layout -key child_hier_col3 -value {-1}
gui_set_state_value -category Layout -key child_hier_colhier -value 141
gui_set_state_value -category Layout -key child_hier_colpd -value 0
gui_set_state_value -category Layout -key child_hier_size_x -value 224
gui_set_state_value -category Layout -key child_hier_size_y -value 693
gui_set_state_value -category Layout -key child_source_docknewline -value false
gui_set_state_value -category Layout -key child_source_pos_x -value {-2}
gui_set_state_value -category Layout -key child_source_pos_y -value {-15}
gui_set_state_value -category Layout -key child_source_size_x -value 1017
gui_set_state_value -category Layout -key child_source_size_y -value 688
gui_set_state_value -category Layout -key child_wave_colname -value 241
gui_set_state_value -category Layout -key child_wave_colvalue -value 242
gui_set_state_value -category Layout -key child_wave_left -value 487
gui_set_state_value -category Layout -key child_wave_right -value 1187
gui_set_state_value -category Layout -key main_pos_x -value 1
gui_set_state_value -category Layout -key main_pos_y -value 38
gui_set_state_value -category Layout -key main_size_x -value 1680
gui_set_state_value -category Layout -key main_size_y -value 988
gui_set_state_value -category Layout -key stand_wave_child_docknewline -value false
gui_set_state_value -category Layout -key stand_wave_child_pos_x -value {-2}
gui_set_state_value -category Layout -key stand_wave_child_pos_y -value {-15}
gui_set_state_value -category Layout -key stand_wave_child_size_x -value 1684
gui_set_state_value -category Layout -key stand_wave_child_size_y -value 846
gui_set_state_value -category Layout -key stand_wave_top_pos_x -value 60
gui_set_state_value -category Layout -key stand_wave_top_pos_y -value 66
gui_set_state_value -category Layout -key stand_wave_top_size_x -value 1739
gui_set_state_value -category Layout -key stand_wave_top_size_y -value 1016
gui_create_state_key -category FindDialog -key m_pMatchCase -value_type bool -value false
gui_create_state_key -category FindDialog -key m_pMatchWord -value_type bool -value false
gui_create_state_key -category FindDialog -key m_pUseCombo -value_type string -value {}
gui_create_state_key -category FindDialog -key m_pWrapAround -value_type bool -value true
gui_state_default_create -off

# Begin command logging
gui_sim_run Ucli -exe ./simv -args {-ucligui  } -dir .
gui_list_expand -id  Hier.1   SignExtenderTest_v
gui_list_select -id Hier.1 -current_item_name SignExtenderTest_v.dut -current_item_type Scope  -selected  { SignExtenderTest_v.dut   }
gui_open_window Wave
gui_list_add -id Wave.1 -from Hier.1 { SignExtenderTest_v.dut } -insertionbar
gui_sim_continue  
gui_marker_move -id  Wave.1 C1 999898
gui_marker_move -id  Wave.1 C1 999883
gui_list_expand -id  Wave.1   {SignExtenderTest_v.dut.Iimm[11:0]}
gui_list_expand -id  Wave.1   {SignExtenderTest_v.dut.CBimm[18:0]}
gui_list_collapse -id  Wave.1   {SignExtenderTest_v.dut.CBimm[18:0]}
gui_list_expand -id  Wave.1   {SignExtenderTest_v.dut.instr_type[1:0]}
gui_sim_restart
gui_sim_continue  
gui_sim_restart
gui_sim_continue  
gui_set_time 1000000 -id TopLevel.2
gui_set_time 1000000 -id TopLevel.2
gui_set_time 1000000 -id TopLevel.2
gui_set_time 1000000 -id TopLevel.2
gui_set_time 1000000 -id TopLevel.2
gui_sim_restart
gui_close_window -window TopLevel.2
