# Preference setting overrides
gui_create_pref_key -category {Globals} -key {load_detail_for_funcov} -value_type {bool} -value {false}

# State setting overrides
gui_state_default_create -off -ini
gui_set_state_value -category Layout -key child_console_size_x -value 1679
gui_set_state_value -category Layout -key child_console_size_y -value 343
gui_set_state_value -category Layout -key child_data_coltype -value 99
gui_set_state_value -category Layout -key child_data_colvalue -value 159
gui_set_state_value -category Layout -key child_data_colvariable -value 199
gui_set_state_value -category Layout -key child_data_size_x -value 423
gui_set_state_value -category Layout -key child_data_size_y -value 508
gui_set_state_value -category Layout -key child_hier_col3 -value {-1}
gui_set_state_value -category Layout -key child_hier_colhier -value 141
gui_set_state_value -category Layout -key child_hier_colpd -value 0
gui_set_state_value -category Layout -key child_hier_size_x -value 206
gui_set_state_value -category Layout -key child_hier_size_y -value 508
gui_set_state_value -category Layout -key child_source_docknewline -value false
gui_set_state_value -category Layout -key child_source_pos_x -value {-2}
gui_set_state_value -category Layout -key child_source_pos_y -value {-15}
gui_set_state_value -category Layout -key child_source_size_x -value 1053
gui_set_state_value -category Layout -key child_source_size_y -value 503
gui_set_state_value -category Layout -key child_wave_colname -value 241
gui_set_state_value -category Layout -key child_wave_colvalue -value 241
gui_set_state_value -category Layout -key child_wave_left -value 487
gui_set_state_value -category Layout -key child_wave_right -value 1187
gui_set_state_value -category Layout -key main_pos_x -value 1
gui_set_state_value -category Layout -key main_pos_y -value 38
gui_set_state_value -category Layout -key main_size_x -value 1680
gui_set_state_value -category Layout -key main_size_y -value 988
gui_set_state_value -category Layout -key stand_wave_child_docknewline -value false
gui_set_state_value -category Layout -key stand_wave_child_pos_x -value {-2}
gui_set_state_value -category Layout -key stand_wave_child_pos_y -value {-15}
gui_set_state_value -category Layout -key stand_wave_child_size_x -value 1684
gui_set_state_value -category Layout -key stand_wave_child_size_y -value 846
gui_set_state_value -category Layout -key stand_wave_top_pos_x -value 1
gui_set_state_value -category Layout -key stand_wave_top_pos_y -value 38
gui_set_state_value -category Layout -key stand_wave_top_size_x -value 1680
gui_set_state_value -category Layout -key stand_wave_top_size_y -value 988
gui_create_state_key -category FindDialog -key m_pMatchCase -value_type bool -value false
gui_create_state_key -category FindDialog -key m_pMatchWord -value_type bool -value false
gui_create_state_key -category FindDialog -key m_pUseCombo -value_type string -value {}
gui_create_state_key -category FindDialog -key m_pWrapAround -value_type bool -value true
gui_state_default_create -off

# Begin command logging
gui_sim_run Ucli -exe ./simv -args {-ucligui  } -dir .
gui_list_expand -id  Hier.1   DataMemoryTest_v
gui_list_select -id Hier.1 -current_item_name DataMemoryTest_v.uut -current_item_type Scope  -selected  { DataMemoryTest_v.uut   }
gui_open_window Wave
gui_list_add -id Wave.1 -from Hier.1 { DataMemoryTest_v.uut } -insertionbar
gui_sim_continue  
gui_zoom -window Wave.1 -full
gui_continuetime_set -value 10000000
gui_continuetime_set -value 10000000
gui_sim_restart
gui_sim_continue 10000000 
gui_sim_continue 10000000 
gui_zoom -window Wave.1 -full
gui_wv_zoom_timerange -id  Wave.1 0 1970865
gui_marker_move -id  Wave.1 C1 501583
gui_list_select -id Wave.1 -selected  { {DataMemoryTest_v.uut.WriteData[63:0]}   }
gui_list_select -id Wave.1 -selected  { {DataMemoryTest_v.uut.data[63:0][63:0]}   }
gui_marker_select -id  Wave.1 { C1 }
gui_marker_move -id  Wave.1 C1 555625
gui_list_expand -id  Wave.1   {DataMemoryTest_v.uut.data[63:0][63:0]}
gui_list_collapse -id  Wave.1   {DataMemoryTest_v.uut.data[63:0][63:0]}
gui_marker_move -id  Wave.1 C1 341144
gui_marker_move -id  Wave.1 C1 351277
gui_marker_move -id  Wave.1 C1 0
gui_marker_move -id  Wave.1 C1 835971
gui_marker_move -id  Wave.1 C1 116529
gui_marker_move -id  Wave.1 C1 10133
gui_wv_zoom_timerange -id  Wave.1 0 1758072
gui_wv_zoom_timerange -id  Wave.1 0 1758072
gui_wv_zoom_timerange -id  Wave.1 0 1758072
gui_wv_zoom_timerange -id  Wave.1 0 1758072
gui_wv_zoom_timerange -id  Wave.1 0 1758072
gui_wv_zoom_timerange -id  Wave.1 0 1758072
gui_wv_zoom_timerange -id  Wave.1 0 1758072
gui_wv_zoom_timerange -id  Wave.1 0 1758072
gui_wv_zoom_timerange -id  Wave.1 0 1758072
gui_wv_zoom_timerange -id  Wave.1 0 1758072
gui_wv_zoom_timerange -id  Wave.1 0 1758072
gui_wv_zoom_timerange -id  Wave.1 0 1758072
gui_wv_zoom_timerange -id  Wave.1 0 1758072
gui_wv_zoom_timerange -id  Wave.1 0 1758072
gui_wv_zoom_timerange -id  Wave.1 0 1758072
gui_wv_zoom_timerange -id  Wave.1 0 1758072
gui_wv_zoom_timerange -id  Wave.1 0 1774961
gui_wv_zoom_timerange -id  Wave.1 0 1795227
gui_wv_zoom_timerange -id  Wave.1 0 1813804
gui_wv_zoom_timerange -id  Wave.1 0 1856025
gui_wv_zoom_timerange -id  Wave.1 0 1874602
gui_wv_zoom_timerange -id  Wave.1 0 1894868
gui_wv_zoom_timerange -id  Wave.1 0 1899934
gui_wv_zoom_timerange -id  Wave.1 0 1901623
gui_wv_zoom_timerange -id  Wave.1 0 1903312
gui_wv_zoom_timerange -id  Wave.1 0 1905001
gui_wv_zoom_timerange -id  Wave.1 0 1910067
gui_wv_zoom_timerange -id  Wave.1 0 1915134
gui_wv_zoom_timerange -id  Wave.1 0 1923578
gui_wv_zoom_timerange -id  Wave.1 0 1926955
gui_wv_zoom_timerange -id  Wave.1 0 1928644
gui_wv_zoom_timerange -id  Wave.1 0 1932022
gui_wv_zoom_timerange -id  Wave.1 0 1933711
gui_wv_zoom_timerange -id  Wave.1 0 1940466
gui_wv_zoom_timerange -id  Wave.1 0 1957354
gui_wv_zoom_timerange -id  Wave.1 0 1964110
gui_close_window -window TopLevel.2
