14:03:13    16 -->                                                             [tcl] ucliGUI::connect -toolargs -ucligui -toolexe ./simv -pid 24353 -toolin /tmp/vcs_20180305200309_24351_delrod19..stdin -toolout /tmp/vcs_20180305200309_24351_delrod19..stdout  
14:03:13    17 -->                                                                 [tcl] set ucliGUI::state
14:03:13    18 -->                                                                     [tcl] gui_update_simulator_buttons
14:03:14    19 -->                                                                         [tcl] set ucliGUI::state
14:03:14    20 -->                                                                             [tcl] ucliCore::getToolPID
14:03:14    21 -->                                                                                 [tcl] synopsys::env hasTB
14:03:14    22 -->                                                                                     [tcl] trigger_hier_stack_context_switch 0
14:03:14    23 -->                                                                                         [tcl] synUtils::setDVEInitPhase 1
14:03:14    24 -->                                                                                             [tcl] gui_get_env SIMSETUP::SIMVPD
14:03:14    25 --> ...  [tcl] synopsys::dump -type VPD -file /home/ugrads/d/delrod19/ecen350/git/Lab06/inter.vpd -locking
14:03:14    26 --> ...      [tcl] synopsys::dump -autoflush on -fid VPD0
14:03:14    27 --> ...          [tcl] set ::dve_fid VPD0
14:03:14    28 --> ...              [tcl] synUtils::setDVEInitPhase 0
14:03:14    29 --> ...                  [tcl] ucliCore::getToolPID
14:03:14    30 --> ...                      [tcl] synUtils::sendTool -active _icl_setToolSocket /tmp/smlnpIA16qD
14:03:14    31 --> ...                          [tcl] synUtils::sendTool -active {_icl_start_rpc -version "L-2016.06_Full64" -sync_file /tmp/vcs_dve_rpc.delrod19.24353}
14:03:14    32 --> ...                              [tcl] synUtils::sendTool -active {_icl_createSharedMemory /tmp/vcs_dve_general.delrod19.24353}
14:03:14    33 --> ...                                  [tcl] dveMisc::vbusExpand GatesTest
14:03:14    34 --> ...                                      [tcl] config endofsim noexit
14:03:14    35 --> ...                                          [tcl] config onfail enable all
14:03:14    36 --> ...                                              [tcl] config syscaddplainmembers
14:03:14    37 --> ...                                                  [tcl] config syscaddsourcenames
14:03:14    38 --> ...                                                      [tcl] config syscaddstructtypes
14:03:14    39 --> ...                                                          [tcl] synopsys::listing -disable
14:03:33    40 --> ...                                                              [tcl] dveMisc::vbusExpand GatesTest.DUT
14:03:46    41 --> ...                                                                  [tcl] synopsys::dump -add {GatesTest.DUT} -scope "." -depth 1 -fid VPD0
14:04:16    42 --> ...                                                                      [tcl] synopsys::run
14:04:16    43 --> ...                                                                          [tcl] set ucliGUI::state
14:04:16    44 --> ...                                                                              [tcl] set ucliGUI::state
14:04:16    45 --> ...                                                                                  [tcl] set ucliGUI::state
14:04:16    46 --> ...                                                                                      [tcl] set ucliGUI::state
14:04:16    47 --> ...                                                                                          [tcl] catch {senv activeDomain} dveMisc::result 
14:04:16    48 --> ...                                                                                              [tcl] set dveMisc::result
14:04:16    49 --> ...                                                                                                  [tcl] gui_update_simulator_buttons
14:09:55    50 --> ...  [tcl] if [catch {gui_sim_terminate}] {gui_sim_terminate -kill}
14:09:55    51 --> ...      [tcl] synopsys::finish
14:09:55    52 --> ...          [tcl] set ucliGUI::state
14:09:55    53 --> ...              [tcl] set ucliGUI::state
14:09:55    54 --> ...                  [tcl] catch {senv activeDomain} dveMisc::result 
14:09:55    55 --> ...                      [tcl] set dveMisc::result
14:09:55    56 --> ...                          [tcl] gui_update_simulator_buttons
14:09:55    57 --> ...                              [tcl] catch {senv activeDomain} dveMisc::result 
14:09:55    58 --> ...                                  [tcl] set dveMisc::result
14:09:55    59 --> ...                                      [tcl] ucli_exit
