13:13:43    16 -->                                                             [tcl] ucliGUI::connect -toolargs -ucligui -toolexe ./simv -pid 9080 -toolin /tmp/vcs_20180326181341_9079_delrod19..stdin -toolout /tmp/vcs_20180326181341_9079_delrod19..stdout  
13:13:43    17 -->                                                                 [tcl] set ucliGUI::state
13:13:44    18 -->                                                                     [tcl] gui_update_simulator_buttons
13:13:44    19 -->                                                                         [tcl] set ucliGUI::state
13:13:44    20 -->                                                                             [tcl] ucliCore::getToolPID
13:13:44    21 -->                                                                                 [tcl] synopsys::env hasTB
13:13:44    22 -->                                                                                     [tcl] trigger_hier_stack_context_switch 0
13:13:44    23 -->                                                                                         [tcl] synUtils::setDVEInitPhase 1
13:13:44    24 -->                                                                                             [tcl] gui_get_env SIMSETUP::SIMVPD
13:13:44    25 --> ...  [tcl] synopsys::dump -type VPD -file /home/ugrads/d/delrod19/ecen350/git/Lab06/p2/inter.vpd -locking
13:13:44    26 --> ...      [tcl] synopsys::dump -autoflush on -fid VPD0
13:13:44    27 --> ...          [tcl] set ::dve_fid VPD0
13:13:44    28 --> ...              [tcl] synUtils::setDVEInitPhase 0
13:13:44    29 --> ...                  [tcl] ucliCore::getToolPID
13:13:44    30 --> ...                      [tcl] synUtils::sendTool -active _icl_setToolSocket /tmp/smlnpGwYCt9
13:13:44    31 --> ...                          [tcl] synUtils::sendTool -active {_icl_start_rpc -version "L-2016.06_Full64" -sync_file /tmp/vcs_dve_rpc.delrod19.9080}
13:13:44    32 --> ...                              [tcl] synUtils::sendTool -active {_icl_createSharedMemory /tmp/vcs_dve_general.delrod19.9080}
13:13:44    33 --> ...                                  [tcl] dveMisc::vbusExpand Mux21Test_v
13:13:44    34 --> ...                                      [tcl] config endofsim noexit
13:13:45    35 --> ...                                          [tcl] config onfail enable all
13:13:45    36 --> ...                                              [tcl] config syscaddplainmembers
13:13:45    37 --> ...                                                  [tcl] config syscaddsourcenames
13:13:45    38 --> ...                                                      [tcl] config syscaddstructtypes
13:13:45    39 --> ...                                                          [tcl] synopsys::listing -disable
13:13:47    40 --> ...                                                              [tcl] dveMisc::vbusExpand Mux21Test_v.uut
13:13:49    41 --> ...                                                                  [tcl] synopsys::dump -add {Mux21Test_v.uut} -scope "." -depth 1 -fid VPD0
13:13:52    42 --> ...                                                                      [tcl] synopsys::run
13:13:52    43 --> ...                                                                          [tcl] set ucliGUI::state
13:13:52    44 --> ...                                                                              [tcl] set ucliGUI::state
13:13:52    45 --> ...                                                                                  [tcl] set ucliGUI::state
13:13:52    46 --> ...                                                                                      [tcl] set ucliGUI::state
13:13:52    47 --> ...                                                                                          [tcl] catch {senv activeDomain} dveMisc::result 
13:13:52    48 --> ...                                                                                              [tcl] set dveMisc::result
13:13:52    49 --> ...                                                                                                  [tcl] gui_update_simulator_buttons
13:14:09    50 --> ...  [tcl] if [catch {gui_sim_terminate}] {gui_sim_terminate -kill}
13:14:09    51 --> ...      [tcl] synopsys::finish
13:14:09    52 --> ...          [tcl] set ucliGUI::state
13:14:09    53 --> ...              [tcl] set ucliGUI::state
13:14:09    54 --> ...                  [tcl] catch {senv activeDomain} dveMisc::result 
13:14:09    55 --> ...                      [tcl] set dveMisc::result
13:14:09    56 --> ...                          [tcl] gui_update_simulator_buttons
13:14:09    57 --> ...                              [tcl] catch {senv activeDomain} dveMisc::result 
13:14:09    58 --> ...                                  [tcl] set dveMisc::result
13:14:09    59 --> ...                                      [tcl] ucli_exit
