12:45:00    16 -->                                                             [tcl] ucliGUI::connect -toolargs -ucligui -toolexe ./simv -pid 25595 -toolin /tmp/vcs_20180402174457_25594_delrod19..stdin -toolout /tmp/vcs_20180402174457_25594_delrod19..stdout  
12:45:00    17 -->                                                                 [tcl] set ucliGUI::state
12:45:00    18 -->                                                                     [tcl] gui_update_simulator_buttons
12:45:01    19 -->                                                                         [tcl] set ucliGUI::state
12:45:01    20 -->                                                                             [tcl] ucliCore::getToolPID
12:45:01    21 -->                                                                                 [tcl] synopsys::env hasTB
12:45:01    22 -->                                                                                     [tcl] trigger_hier_stack_context_switch 0
12:45:01    23 -->                                                                                         [tcl] synUtils::setDVEInitPhase 1
12:45:01    24 -->                                                                                             [tcl] gui_get_env SIMSETUP::SIMVPD
12:45:01    25 --> ...  [tcl] synopsys::dump -type VPD -file /home/ugrads/d/delrod19/ecen350/git/Lab07/p3/inter.vpd -locking
12:45:01    26 --> ...      [tcl] synopsys::dump -autoflush on -fid VPD0
12:45:01    27 --> ...          [tcl] set ::dve_fid VPD0
12:45:01    28 --> ...              [tcl] synUtils::setDVEInitPhase 0
12:45:01    29 --> ...                  [tcl] ucliCore::getToolPID
12:45:01    30 --> ...                      [tcl] synUtils::sendTool -active _icl_setToolSocket /tmp/smlnpLdrqGV
12:45:01    31 --> ...                          [tcl] synUtils::sendTool -active {_icl_start_rpc -version "L-2016.06_Full64" -sync_file /tmp/vcs_dve_rpc.delrod19.25595}
12:45:01    32 --> ...                              [tcl] synUtils::sendTool -active {_icl_createSharedMemory /tmp/vcs_dve_general.delrod19.25595}
12:45:01    33 --> ...                                  [tcl] dveMisc::vbusExpand ALUTest_v
12:45:01    34 --> ...                                      [tcl] config endofsim noexit
12:45:01    35 --> ...                                          [tcl] config onfail enable all
12:45:01    36 --> ...                                              [tcl] config syscaddplainmembers
12:45:01    37 --> ...                                                  [tcl] config syscaddsourcenames
12:45:01    38 --> ...                                                      [tcl] config syscaddstructtypes
12:45:01    39 --> ...                                                          [tcl] synopsys::listing -disable
12:48:00    40 --> ...                                                              [tcl] synopsys::run
12:48:00    41 --> ...                                                                  [tcl] set ucliGUI::state
12:48:00    42 --> ...                                                                      [tcl] set ucliGUI::state
12:48:00    43 --> ...                                                                          [tcl] set ucliGUI::state
12:48:00    44 --> ...                                                                              [tcl] set ucliGUI::state
12:48:00    45 --> ...                                                                                  [tcl] catch {senv activeDomain} dveMisc::result 
12:48:00    46 --> ...                                                                                      [tcl] set dveMisc::result
12:48:00    47 --> ...                                                                                          [tcl] gui_update_simulator_buttons
12:49:08    48 --> ...                                                                                              [tcl] if [catch {gui_sim_terminate}] {gui_sim_terminate -kill}
12:49:08    49 --> ...                                                                                                  [tcl] synopsys::finish
12:49:08    50 --> ...  [tcl] set ucliGUI::state
12:49:08    51 --> ...      [tcl] set ucliGUI::state
12:49:08    52 --> ...          [tcl] catch {senv activeDomain} dveMisc::result 
12:49:08    53 --> ...              [tcl] set dveMisc::result
12:49:08    54 --> ...                  [tcl] gui_update_simulator_buttons
12:49:08    55 --> ...                      [tcl] catch {senv activeDomain} dveMisc::result 
12:49:08    56 --> ...                          [tcl] set dveMisc::result
12:49:08    57 --> ...                              [tcl] ucli_exit
