# Preference setting overrides
gui_create_pref_key -category {Globals} -key {load_detail_for_funcov} -value_type {bool} -value {false}

# State setting overrides
gui_state_default_create -off -ini
gui_set_state_value -category Layout -key child_console_size_x -value 1679
gui_set_state_value -category Layout -key child_console_size_y -value 339
gui_set_state_value -category Layout -key child_data_coltype -value 99
gui_set_state_value -category Layout -key child_data_colvalue -value 159
gui_set_state_value -category Layout -key child_data_colvariable -value 199
gui_set_state_value -category Layout -key child_data_size_x -value 419
gui_set_state_value -category Layout -key child_data_size_y -value 512
gui_set_state_value -category Layout -key child_hier_col3 -value {-1}
gui_set_state_value -category Layout -key child_hier_colhier -value 141
gui_set_state_value -category Layout -key child_hier_colpd -value 0
gui_set_state_value -category Layout -key child_hier_size_x -value 202
gui_set_state_value -category Layout -key child_hier_size_y -value 512
gui_set_state_value -category Layout -key child_source_docknewline -value false
gui_set_state_value -category Layout -key child_source_pos_x -value {-2}
gui_set_state_value -category Layout -key child_source_pos_y -value {-15}
gui_set_state_value -category Layout -key child_source_size_x -value 1061
gui_set_state_value -category Layout -key child_source_size_y -value 507
gui_set_state_value -category Layout -key child_wave_colname -value 232
gui_set_state_value -category Layout -key child_wave_colvalue -value 233
gui_set_state_value -category Layout -key child_wave_left -value 469
gui_set_state_value -category Layout -key child_wave_right -value 1143
gui_set_state_value -category Layout -key main_pos_x -value 1
gui_set_state_value -category Layout -key main_pos_y -value 38
gui_set_state_value -category Layout -key main_size_x -value 1680
gui_set_state_value -category Layout -key main_size_y -value 988
gui_set_state_value -category Layout -key stand_wave_child_docknewline -value false
gui_set_state_value -category Layout -key stand_wave_child_pos_x -value {-2}
gui_set_state_value -category Layout -key stand_wave_child_pos_y -value {-15}
gui_set_state_value -category Layout -key stand_wave_child_size_x -value 1622
gui_set_state_value -category Layout -key stand_wave_child_size_y -value 451
gui_set_state_value -category Layout -key stand_wave_top_pos_x -value 0
gui_set_state_value -category Layout -key stand_wave_top_pos_y -value 102
gui_set_state_value -category Layout -key stand_wave_top_size_x -value 1617
gui_set_state_value -category Layout -key stand_wave_top_size_y -value 657
gui_create_state_key -category FindDialog -key m_pMatchCase -value_type bool -value false
gui_create_state_key -category FindDialog -key m_pMatchWord -value_type bool -value false
gui_create_state_key -category FindDialog -key m_pUseCombo -value_type string -value {}
gui_create_state_key -category FindDialog -key m_pWrapAround -value_type bool -value true
gui_state_default_create -off

# Begin command logging
gui_sim_run Ucli -exe ./simv -args {-ucligui  } -dir .
gui_sim_continue  
