# Preference setting overrides
gui_create_pref_key -category {Globals} -key {load_detail_for_funcov} -value_type {bool} -value {false}

# State setting overrides
gui_state_default_create -off -ini
gui_set_state_value -category Layout -key child_console_size_x -value 1679
gui_set_state_value -category Layout -key child_console_size_y -value 341
gui_set_state_value -category Layout -key child_data_coltype -value 99
gui_set_state_value -category Layout -key child_data_colvalue -value 159
gui_set_state_value -category Layout -key child_data_colvariable -value 199
gui_set_state_value -category Layout -key child_data_size_x -value 421
gui_set_state_value -category Layout -key child_data_size_y -value 510
gui_set_state_value -category Layout -key child_hier_col3 -value {-1}
gui_set_state_value -category Layout -key child_hier_colhier -value 141
gui_set_state_value -category Layout -key child_hier_colpd -value 0
gui_set_state_value -category Layout -key child_hier_size_x -value 204
gui_set_state_value -category Layout -key child_hier_size_y -value 510
gui_set_state_value -category Layout -key child_source_docknewline -value false
gui_set_state_value -category Layout -key child_source_pos_x -value {-2}
gui_set_state_value -category Layout -key child_source_pos_y -value {-15}
gui_set_state_value -category Layout -key child_source_size_x -value 1057
gui_set_state_value -category Layout -key child_source_size_y -value 505
gui_set_state_value -category Layout -key child_wave_colname -value 232
gui_set_state_value -category Layout -key child_wave_colvalue -value 232
gui_set_state_value -category Layout -key child_wave_left -value 469
gui_set_state_value -category Layout -key child_wave_right -value 1145
gui_set_state_value -category Layout -key main_pos_x -value 1
gui_set_state_value -category Layout -key main_pos_y -value 38
gui_set_state_value -category Layout -key main_size_x -value 1680
gui_set_state_value -category Layout -key main_size_y -value 988
gui_set_state_value -category Layout -key stand_wave_child_docknewline -value false
gui_set_state_value -category Layout -key stand_wave_child_pos_x -value {-2}
gui_set_state_value -category Layout -key stand_wave_child_pos_y -value {-15}
gui_set_state_value -category Layout -key stand_wave_child_size_x -value 1624
gui_set_state_value -category Layout -key stand_wave_child_size_y -value 453
gui_set_state_value -category Layout -key stand_wave_top_pos_x -value 1
gui_set_state_value -category Layout -key stand_wave_top_pos_y -value 103
gui_set_state_value -category Layout -key stand_wave_top_size_x -value 1620
gui_set_state_value -category Layout -key stand_wave_top_size_y -value 660
gui_create_state_key -category FindDialog -key m_pMatchCase -value_type bool -value false
gui_create_state_key -category FindDialog -key m_pMatchWord -value_type bool -value false
gui_create_state_key -category FindDialog -key m_pUseCombo -value_type string -value {}
gui_create_state_key -category FindDialog -key m_pWrapAround -value_type bool -value true
gui_state_default_create -off

# Begin command logging
gui_sim_run Ucli -exe ./simv -args {-ucligui  } -dir .
gui_list_expand -id  Hier.1   NextPClogicTest
gui_list_select -id Hier.1 -current_item_name NextPClogicTest.uut -current_item_type Scope  -selected  { NextPClogicTest.uut   }
gui_open_window Wave
gui_list_add -id Wave.1 -from Hier.1 { NextPClogicTest.uut } -insertionbar
gui_sim_continue  
gui_zoom -window Wave.1 -full
gui_close_window -window Source.1
gui_close_window -window TopLevel.1
